This file contains any messages produced by compilers while
running configure, to aid debugging if configure makes a mistake.

It was created by herafitter configure trunk, which was
generated by GNU Autoconf 2.63.  Invocation command line was

  $ ./configure --prefix=/afs/desy.de/user/m/mykytaua/sc_soft/todesy/HERAFitter_NM_build

## --------- ##
## Platform. ##
## --------- ##

hostname = nafhh-zeus01.desy.de
uname -m = x86_64
uname -r = 2.6.32-696.18.7.el6.x86_64
uname -s = Linux
uname -v = #1 SMP Wed Jan 3 19:31:16 CST 2018

/usr/bin/uname -p = unknown
/bin/uname -X     = unknown

/bin/arch              = x86_64
/usr/bin/arch -k       = unknown
/usr/convex/getsysinfo = unknown
/usr/bin/hostinfo      = unknown
/bin/machine           = unknown
/usr/bin/oslevel       = unknown
/bin/universe          = unknown

PATH: /afs/cern.ch/sw/lcg/app/releases/ROOT/5.34.00/x86_64-slc6-gcc46-opt/root/bin
PATH: /afs/cern.ch/sw/lcg/contrib/gcc/4.6.3/x86_64-slc6/bin
PATH: /usr/sge/bin
PATH: /usr/sge/bin/lx-amd64
PATH: /usr/lib64/qt-3.3/bin
PATH: /afs/desy.de/common/passwd
PATH: /usr/local/bin
PATH: /bin
PATH: /usr/bin
PATH: /afs/desy.de/user/m/mykytaua/bin
PATH: /usr/local/sbin
PATH: /usr/sbin
PATH: /sbin
PATH: /cvmfs/grid.cern.ch/emi-ui-3.17.1-1.sl6umd4v2/bin
PATH: /cvmfs/grid.cern.ch/emi-ui-3.17.1-1.sl6umd4v2/sbin
PATH: /cvmfs/grid.cern.ch/emi-ui-3.17.1-1.sl6umd4v2/usr/bin
PATH: /cvmfs/grid.cern.ch/emi-ui-3.17.1-1.sl6umd4v2/usr/sbin
PATH: /opt/puppetlabs/bin
PATH: /opt/dell/srvadmin/bin
PATH: /afs/desy.de/user/m/mykytaua/sc_soft/todesy/HERAFitter_NM_build/bin
PATH: /afs/desy.de/user/m/mykytaua/sc_soft/todesy/hoppet-1.1.5_build/bin
PATH: /afs/desy.de/user/m/mykytaua/sc_soft/todesy/lhapdf-5.8.9_build/bin


## ----------- ##
## Core tests. ##
## ----------- ##

configure:1993: checking for a BSD-compatible install
configure:2061: result: /usr/bin/install -c
configure:2072: checking whether build environment is sane
configure:2132: result: yes
configure:2273: checking for a thread-safe mkdir -p
configure:2312: result: /bin/mkdir -p
configure:2325: checking for gawk
configure:2341: found /bin/gawk
configure:2352: result: gawk
configure:2363: checking whether make sets $(MAKE)
configure:2385: result: yes
configure:2524: checking for gfortran
configure:2540: found /afs/cern.ch/sw/lcg/contrib/gcc/4.6.3/x86_64-slc6/bin/gfortran
configure:2551: result: gfortran
configure:2577: checking for Fortran compiler version
configure:2585: gfortran --version >&5
GNU Fortran (GCC) 4.6.3
Copyright (C) 2011 Free Software Foundation, Inc.

GNU Fortran comes with NO WARRANTY, to the extent permitted by law.
You may redistribute copies of GNU Fortran
under the terms of the GNU General Public License.
For more information about these matters, see the file named COPYING

configure:2589: $? = 0
configure:2596: gfortran -v >&5
Using built-in specs.
COLLECT_GCC=gfortran
COLLECT_LTO_WRAPPER=/afs/cern.ch/sw/lcg/contrib/gcc/4.6.3/x86_64-slc6-gcc46-opt/bin/../libexec/gcc/x86_64-unknown-linux-gnu/4.6.3/lto-wrapper
Target: x86_64-unknown-linux-gnu
Configured with: /build/vdiez/gcc-4.6.3/configure --prefix=/build/gcc-4.6.3-installation --with-mpfr=/afs/cern.ch/sw/lcg/external/mpfr/2.4.2/x86_64-slc6-gcc46-opt --with-gmp=/afs/cern.ch/sw/lcg/external/gmp/4.3.2/x86_64-slc6-gcc46-opt --with-mpc=/afs/cern.ch/sw/lcg/external/mpc/0.8.1/x86_64-slc6-gcc46-opt --enable-libstdcxx-time --enable-lto --with-libelf=/afs/cern.ch/sw/lcg/external/libelf/0.8.13/x86_64-slc6-gcc46-opt --with-ppl=/afs/cern.ch/sw/lcg/external/ppl/0.11.2/x86_64-slc6-gcc46-opt --with-cloog=/afs/cern.ch/sw/lcg/external/cloog-ppl/0.15.11/x86_64-slc6-gcc46-opt --enable-languages=c,c++,fortran,go
Thread model: posix
gcc version 4.6.3 (GCC) 
configure:2600: $? = 0
configure:2607: gfortran -V >&5
gfortran: error: unrecognized option '-V'
gfortran: fatal error: no input files
compilation terminated.
configure:2611: $? = 1
configure:2625: checking for Fortran compiler default output file name
configure:2647: gfortran    conftest.f  >&5
configure:2651: $? = 0
configure:2689: result: a.out
configure:2708: checking whether the Fortran compiler works
configure:2718: ./a.out
configure:2722: $? = 0
configure:2741: result: yes
configure:2748: checking whether we are cross compiling
configure:2750: result: no
configure:2753: checking for suffix of executables
configure:2760: gfortran -o conftest    conftest.f  >&5
configure:2764: $? = 0
configure:2790: result: 
configure:2796: checking for suffix of object files
configure:2812: gfortran -c   conftest.f >&5
configure:2816: $? = 0
configure:2841: result: o
configure:2849: checking whether we are using the GNU Fortran compiler
configure:2868: gfortran -c   conftest.F >&5
configure:2875: $? = 0
configure:2892: result: yes
configure:2898: checking whether gfortran accepts -g
configure:2915: gfortran -c -g  conftest.f >&5
configure:2922: $? = 0
configure:2938: result: yes
configure:3015: checking for gfortran
configure:3031: found /afs/cern.ch/sw/lcg/contrib/gcc/4.6.3/x86_64-slc6/bin/gfortran
configure:3042: result: gfortran
configure:3068: checking for Fortran 77 compiler version
configure:3076: gfortran --version >&5
GNU Fortran (GCC) 4.6.3
Copyright (C) 2011 Free Software Foundation, Inc.

GNU Fortran comes with NO WARRANTY, to the extent permitted by law.
You may redistribute copies of GNU Fortran
under the terms of the GNU General Public License.
For more information about these matters, see the file named COPYING

configure:3080: $? = 0
configure:3087: gfortran -v >&5
Using built-in specs.
COLLECT_GCC=gfortran
COLLECT_LTO_WRAPPER=/afs/cern.ch/sw/lcg/contrib/gcc/4.6.3/x86_64-slc6-gcc46-opt/bin/../libexec/gcc/x86_64-unknown-linux-gnu/4.6.3/lto-wrapper
Target: x86_64-unknown-linux-gnu
Configured with: /build/vdiez/gcc-4.6.3/configure --prefix=/build/gcc-4.6.3-installation --with-mpfr=/afs/cern.ch/sw/lcg/external/mpfr/2.4.2/x86_64-slc6-gcc46-opt --with-gmp=/afs/cern.ch/sw/lcg/external/gmp/4.3.2/x86_64-slc6-gcc46-opt --with-mpc=/afs/cern.ch/sw/lcg/external/mpc/0.8.1/x86_64-slc6-gcc46-opt --enable-libstdcxx-time --enable-lto --with-libelf=/afs/cern.ch/sw/lcg/external/libelf/0.8.13/x86_64-slc6-gcc46-opt --with-ppl=/afs/cern.ch/sw/lcg/external/ppl/0.11.2/x86_64-slc6-gcc46-opt --with-cloog=/afs/cern.ch/sw/lcg/external/cloog-ppl/0.15.11/x86_64-slc6-gcc46-opt --enable-languages=c,c++,fortran,go
Thread model: posix
gcc version 4.6.3 (GCC) 
configure:3091: $? = 0
configure:3098: gfortran -V >&5
gfortran: error: unrecognized option '-V'
gfortran: fatal error: no input files
compilation terminated.
configure:3102: $? = 1
configure:3110: checking whether we are using the GNU Fortran 77 compiler
configure:3129: gfortran -c  conftest.F >&5
configure:3136: $? = 0
configure:3153: result: yes
configure:3159: checking whether gfortran accepts -g
configure:3176: gfortran -c -g conftest.f >&5
configure:3183: $? = 0
configure:3199: result: yes
configure:3241: checking for style of include used by make
configure:3269: result: GNU
configure:3339: checking for gcc
configure:3355: found /afs/cern.ch/sw/lcg/contrib/gcc/4.6.3/x86_64-slc6/bin/gcc
configure:3366: result: gcc
configure:3598: checking for C compiler version
configure:3606: gcc --version >&5
gcc (GCC) 4.6.3
Copyright (C) 2011 Free Software Foundation, Inc.
This is free software; see the source for copying conditions.  There is NO
warranty; not even for MERCHANTABILITY or FITNESS FOR A PARTICULAR PURPOSE.

configure:3610: $? = 0
configure:3617: gcc -v >&5
Using built-in specs.
COLLECT_GCC=gcc
COLLECT_LTO_WRAPPER=/afs/cern.ch/sw/lcg/contrib/gcc/4.6.3/x86_64-slc6-gcc46-opt/bin/../libexec/gcc/x86_64-unknown-linux-gnu/4.6.3/lto-wrapper
Target: x86_64-unknown-linux-gnu
Configured with: /build/vdiez/gcc-4.6.3/configure --prefix=/build/gcc-4.6.3-installation --with-mpfr=/afs/cern.ch/sw/lcg/external/mpfr/2.4.2/x86_64-slc6-gcc46-opt --with-gmp=/afs/cern.ch/sw/lcg/external/gmp/4.3.2/x86_64-slc6-gcc46-opt --with-mpc=/afs/cern.ch/sw/lcg/external/mpc/0.8.1/x86_64-slc6-gcc46-opt --enable-libstdcxx-time --enable-lto --with-libelf=/afs/cern.ch/sw/lcg/external/libelf/0.8.13/x86_64-slc6-gcc46-opt --with-ppl=/afs/cern.ch/sw/lcg/external/ppl/0.11.2/x86_64-slc6-gcc46-opt --with-cloog=/afs/cern.ch/sw/lcg/external/cloog-ppl/0.15.11/x86_64-slc6-gcc46-opt --enable-languages=c,c++,fortran,go
Thread model: posix
gcc version 4.6.3 (GCC) 
configure:3621: $? = 0
configure:3628: gcc -V >&5
gcc: error: unrecognized option '-V'
gcc: fatal error: no input files
compilation terminated.
configure:3632: $? = 1
configure:3635: checking whether we are using the GNU C compiler
configure:3664: gcc -c   conftest.c >&5
configure:3671: $? = 0
configure:3688: result: yes
configure:3697: checking whether gcc accepts -g
configure:3727: gcc -c -g  conftest.c >&5
configure:3734: $? = 0
configure:3835: result: yes
configure:3852: checking for gcc option to accept ISO C89
configure:3926: gcc  -c -g -O2  conftest.c >&5
configure:3933: $? = 0
configure:3956: result: none needed
configure:3976: checking dependency style of gcc
configure:4086: result: gcc3
configure:4106: checking how to run the C preprocessor
configure:4146: gcc -E  conftest.c
configure:4153: $? = 0
configure:4184: gcc -E  conftest.c
conftest.c:10:28: fatal error: ac_nonexistent.h: No such file or directory
compilation terminated.
configure:4191: $? = 1
configure: failed program was:
| /* confdefs.h.  */
| #define PACKAGE_NAME "herafitter"
| #define PACKAGE_TARNAME "herafitter"
| #define PACKAGE_VERSION "trunk"
| #define PACKAGE_STRING "herafitter trunk"
| #define PACKAGE_BUGREPORT "herafitter-help@desy.de"
| #define PACKAGE "herafitter"
| #define VERSION "trunk"
| /* end confdefs.h.  */
| #include <ac_nonexistent.h>
configure:4224: result: gcc -E
configure:4253: gcc -E  conftest.c
configure:4260: $? = 0
configure:4291: gcc -E  conftest.c
conftest.c:10:28: fatal error: ac_nonexistent.h: No such file or directory
compilation terminated.
configure:4298: $? = 1
configure: failed program was:
| /* confdefs.h.  */
| #define PACKAGE_NAME "herafitter"
| #define PACKAGE_TARNAME "herafitter"
| #define PACKAGE_VERSION "trunk"
| #define PACKAGE_STRING "herafitter trunk"
| #define PACKAGE_BUGREPORT "herafitter-help@desy.de"
| #define PACKAGE "herafitter"
| #define VERSION "trunk"
| /* end confdefs.h.  */
| #include <ac_nonexistent.h>
configure:4395: checking for g++
configure:4411: found /afs/cern.ch/sw/lcg/contrib/gcc/4.6.3/x86_64-slc6/bin/g++
configure:4422: result: g++
configure:4449: checking for C++ compiler version
configure:4457: g++ --version >&5
g++ (GCC) 4.6.3
Copyright (C) 2011 Free Software Foundation, Inc.
This is free software; see the source for copying conditions.  There is NO
warranty; not even for MERCHANTABILITY or FITNESS FOR A PARTICULAR PURPOSE.

configure:4461: $? = 0
configure:4468: g++ -v >&5
Using built-in specs.
COLLECT_GCC=g++
COLLECT_LTO_WRAPPER=/afs/cern.ch/sw/lcg/contrib/gcc/4.6.3/x86_64-slc6-gcc46-opt/bin/../libexec/gcc/x86_64-unknown-linux-gnu/4.6.3/lto-wrapper
Target: x86_64-unknown-linux-gnu
Configured with: /build/vdiez/gcc-4.6.3/configure --prefix=/build/gcc-4.6.3-installation --with-mpfr=/afs/cern.ch/sw/lcg/external/mpfr/2.4.2/x86_64-slc6-gcc46-opt --with-gmp=/afs/cern.ch/sw/lcg/external/gmp/4.3.2/x86_64-slc6-gcc46-opt --with-mpc=/afs/cern.ch/sw/lcg/external/mpc/0.8.1/x86_64-slc6-gcc46-opt --enable-libstdcxx-time --enable-lto --with-libelf=/afs/cern.ch/sw/lcg/external/libelf/0.8.13/x86_64-slc6-gcc46-opt --with-ppl=/afs/cern.ch/sw/lcg/external/ppl/0.11.2/x86_64-slc6-gcc46-opt --with-cloog=/afs/cern.ch/sw/lcg/external/cloog-ppl/0.15.11/x86_64-slc6-gcc46-opt --enable-languages=c,c++,fortran,go
Thread model: posix
gcc version 4.6.3 (GCC) 
configure:4472: $? = 0
configure:4479: g++ -V >&5
g++: error: unrecognized option '-V'
g++: fatal error: no input files
compilation terminated.
configure:4483: $? = 1
configure:4486: checking whether we are using the GNU C++ compiler
configure:4515: g++ -c   conftest.cpp >&5
configure:4522: $? = 0
configure:4539: result: yes
configure:4548: checking whether g++ accepts -g
configure:4578: g++ -c -g  conftest.cpp >&5
configure:4585: $? = 0
configure:4686: result: yes
configure:4711: checking dependency style of g++
configure:4821: result: gcc3
configure:4879: checking for ranlib
configure:4895: found /usr/bin/ranlib
configure:4906: result: ranlib
configure:4935: checking how to get verbose linking output from gfortran
configure:4951: gfortran -c -g -O2  conftest.f >&5
configure:4958: $? = 0
configure:4980: gfortran -o conftest -g -O2 -v conftest.f
Using built-in specs.
Target: x86_64-unknown-linux-gnu
Configured with: /build/vdiez/gcc-4.6.3/configure --prefix=/build/gcc-4.6.3-installation --with-mpfr=/afs/cern.ch/sw/lcg/external/mpfr/2.4.2/x86_64-slc6-gcc46-opt --with-gmp=/afs/cern.ch/sw/lcg/external/gmp/4.3.2/x86_64-slc6-gcc46-opt --with-mpc=/afs/cern.ch/sw/lcg/external/mpc/0.8.1/x86_64-slc6-gcc46-opt --enable-libstdcxx-time --enable-lto --with-libelf=/afs/cern.ch/sw/lcg/external/libelf/0.8.13/x86_64-slc6-gcc46-opt --with-ppl=/afs/cern.ch/sw/lcg/external/ppl/0.11.2/x86_64-slc6-gcc46-opt --with-cloog=/afs/cern.ch/sw/lcg/external/cloog-ppl/0.15.11/x86_64-slc6-gcc46-opt --enable-languages=c,c++,fortran,go
Thread model: posix
gcc version 4.6.3 (GCC) 
 /afs/cern.ch/sw/lcg/contrib/gcc/4.6.3/x86_64-slc6-gcc46-opt/bin/../libexec/gcc/x86_64-unknown-linux-gnu/4.6.3/f951 conftest.f -ffixed-form -quiet -dumpbase conftest.f -mtune=generic -march=x86-64 -auxbase conftest -g -O2 -version -fintrinsic-modules-path /afs/cern.ch/sw/lcg/contrib/gcc/4.6.3/x86_64-slc6-gcc46-opt/bin/../lib/gcc/x86_64-unknown-linux-gnu/4.6.3/finclude -o /tmp/ccKcDHhC.s
GNU Fortran (GCC) version 4.6.3 (x86_64-unknown-linux-gnu)
	compiled by GNU C version 4.6.3, GMP version 4.3.2, MPFR version 2.4.2, MPC version 0.8.1
GGC heuristics: --param ggc-min-expand=100 --param ggc-min-heapsize=131072
GNU Fortran (GCC) version 4.6.3 (x86_64-unknown-linux-gnu)
	compiled by GNU C version 4.6.3, GMP version 4.3.2, MPFR version 2.4.2, MPC version 0.8.1
GGC heuristics: --param ggc-min-expand=100 --param ggc-min-heapsize=131072
 as --64 -o /tmp/cciHtp2v.o /tmp/ccKcDHhC.s
Reading specs from /afs/cern.ch/sw/lcg/contrib/gcc/4.6.3/x86_64-slc6-gcc46-opt/bin/../lib/gcc/x86_64-unknown-linux-gnu/4.6.3/../../../../lib64/libgfortran.spec
rename spec lib to liborig
 /afs/cern.ch/sw/lcg/contrib/gcc/4.6.3/x86_64-slc6-gcc46-opt/bin/../libexec/gcc/x86_64-unknown-linux-gnu/4.6.3/collect2 --eh-frame-hdr -m elf_x86_64 -dynamic-linker /lib64/ld-linux-x86-64.so.2 -o conftest /usr/lib/../lib64/crt1.o /usr/lib/../lib64/crti.o /afs/cern.ch/sw/lcg/contrib/gcc/4.6.3/x86_64-slc6-gcc46-opt/bin/../lib/gcc/x86_64-unknown-linux-gnu/4.6.3/crtbegin.o -L/afs/cern.ch/sw/lcg/contrib/gcc/4.6.3/x86_64-slc6-gcc46-opt/bin/../lib/gcc/x86_64-unknown-linux-gnu/4.6.3 -L/afs/cern.ch/sw/lcg/contrib/gcc/4.6.3/x86_64-slc6-gcc46-opt/bin/../lib/gcc -L/afs/cern.ch/sw/lcg/contrib/gcc/4.6.3/x86_64-slc6-gcc46-opt/bin/../lib/gcc/x86_64-unknown-linux-gnu/4.6.3/../../../../lib64 -L/lib/../lib64 -L/usr/lib/../lib64 -L/afs/cern.ch/sw/lcg/contrib/gcc/4.6.3/x86_64-slc6-gcc46-opt/bin/../lib/gcc/x86_64-unknown-linux-gnu/4.6.3/../../.. /tmp/cciHtp2v.o -lgfortran -lm -lgcc_s -lgcc -lquadmath -lm -lgcc_s -lgcc -lc -lgcc_s -lgcc /afs/cern.ch/sw/lcg/contrib/gcc/4.6.3/x86_64-slc6-gcc46-opt/bin/../lib/gcc/x86_64-unknown-linux-gnu/4.6.3/crtend.o /usr/lib/../lib64/crtn.o
configure:5049: result: -v
configure:5051: checking for Fortran libraries of gfortran
configure:5074: gfortran -o conftest -g -O2 -v conftest.f
Using built-in specs.
Target: x86_64-unknown-linux-gnu
Configured with: /build/vdiez/gcc-4.6.3/configure --prefix=/build/gcc-4.6.3-installation --with-mpfr=/afs/cern.ch/sw/lcg/external/mpfr/2.4.2/x86_64-slc6-gcc46-opt --with-gmp=/afs/cern.ch/sw/lcg/external/gmp/4.3.2/x86_64-slc6-gcc46-opt --with-mpc=/afs/cern.ch/sw/lcg/external/mpc/0.8.1/x86_64-slc6-gcc46-opt --enable-libstdcxx-time --enable-lto --with-libelf=/afs/cern.ch/sw/lcg/external/libelf/0.8.13/x86_64-slc6-gcc46-opt --with-ppl=/afs/cern.ch/sw/lcg/external/ppl/0.11.2/x86_64-slc6-gcc46-opt --with-cloog=/afs/cern.ch/sw/lcg/external/cloog-ppl/0.15.11/x86_64-slc6-gcc46-opt --enable-languages=c,c++,fortran,go
Thread model: posix
gcc version 4.6.3 (GCC) 
 /afs/cern.ch/sw/lcg/contrib/gcc/4.6.3/x86_64-slc6-gcc46-opt/bin/../libexec/gcc/x86_64-unknown-linux-gnu/4.6.3/f951 conftest.f -ffixed-form -quiet -dumpbase conftest.f -mtune=generic -march=x86-64 -auxbase conftest -g -O2 -version -fintrinsic-modules-path /afs/cern.ch/sw/lcg/contrib/gcc/4.6.3/x86_64-slc6-gcc46-opt/bin/../lib/gcc/x86_64-unknown-linux-gnu/4.6.3/finclude -o /tmp/ccCy6qKK.s
GNU Fortran (GCC) version 4.6.3 (x86_64-unknown-linux-gnu)
	compiled by GNU C version 4.6.3, GMP version 4.3.2, MPFR version 2.4.2, MPC version 0.8.1
GGC heuristics: --param ggc-min-expand=100 --param ggc-min-heapsize=131072
GNU Fortran (GCC) version 4.6.3 (x86_64-unknown-linux-gnu)
	compiled by GNU C version 4.6.3, GMP version 4.3.2, MPFR version 2.4.2, MPC version 0.8.1
GGC heuristics: --param ggc-min-expand=100 --param ggc-min-heapsize=131072
 as --64 -o /tmp/ccguj9SE.o /tmp/ccCy6qKK.s
Reading specs from /afs/cern.ch/sw/lcg/contrib/gcc/4.6.3/x86_64-slc6-gcc46-opt/bin/../lib/gcc/x86_64-unknown-linux-gnu/4.6.3/../../../../lib64/libgfortran.spec
rename spec lib to liborig
 /afs/cern.ch/sw/lcg/contrib/gcc/4.6.3/x86_64-slc6-gcc46-opt/bin/../libexec/gcc/x86_64-unknown-linux-gnu/4.6.3/collect2 --eh-frame-hdr -m elf_x86_64 -dynamic-linker /lib64/ld-linux-x86-64.so.2 -o conftest /usr/lib/../lib64/crt1.o /usr/lib/../lib64/crti.o /afs/cern.ch/sw/lcg/contrib/gcc/4.6.3/x86_64-slc6-gcc46-opt/bin/../lib/gcc/x86_64-unknown-linux-gnu/4.6.3/crtbegin.o -L/afs/cern.ch/sw/lcg/contrib/gcc/4.6.3/x86_64-slc6-gcc46-opt/bin/../lib/gcc/x86_64-unknown-linux-gnu/4.6.3 -L/afs/cern.ch/sw/lcg/contrib/gcc/4.6.3/x86_64-slc6-gcc46-opt/bin/../lib/gcc -L/afs/cern.ch/sw/lcg/contrib/gcc/4.6.3/x86_64-slc6-gcc46-opt/bin/../lib/gcc/x86_64-unknown-linux-gnu/4.6.3/../../../../lib64 -L/lib/../lib64 -L/usr/lib/../lib64 -L/afs/cern.ch/sw/lcg/contrib/gcc/4.6.3/x86_64-slc6-gcc46-opt/bin/../lib/gcc/x86_64-unknown-linux-gnu/4.6.3/../../.. /tmp/ccguj9SE.o -lgfortran -lm -lgcc_s -lgcc -lquadmath -lm -lgcc_s -lgcc -lc -lgcc_s -lgcc /afs/cern.ch/sw/lcg/contrib/gcc/4.6.3/x86_64-slc6-gcc46-opt/bin/../lib/gcc/x86_64-unknown-linux-gnu/4.6.3/crtend.o /usr/lib/../lib64/crtn.o
configure:5251: result:  -L/afs/cern.ch/sw/lcg/contrib/gcc/4.6.3/x86_64-slc6-gcc46-opt/bin/../lib/gcc/x86_64-unknown-linux-gnu/4.6.3 -L/afs/cern.ch/sw/lcg/contrib/gcc/4.6.3/x86_64-slc6-gcc46-opt/bin/../lib/gcc -L/afs/cern.ch/sw/lcg/contrib/gcc/4.6.3/x86_64-slc6-gcc46-opt/bin/../lib/gcc/x86_64-unknown-linux-gnu/4.6.3/../../../../lib64 -L/lib/../lib64 -L/usr/lib/../lib64 -L/afs/cern.ch/sw/lcg/contrib/gcc/4.6.3/x86_64-slc6-gcc46-opt/bin/../lib/gcc/x86_64-unknown-linux-gnu/4.6.3/../../.. -lgfortran -lm -lquadmath
configure:5268: checking for dummy main to link with Fortran libraries
configure:5312: gcc -o conftest -g -O2   conftest.c   -L/afs/cern.ch/sw/lcg/contrib/gcc/4.6.3/x86_64-slc6-gcc46-opt/bin/../lib/gcc/x86_64-unknown-linux-gnu/4.6.3 -L/afs/cern.ch/sw/lcg/contrib/gcc/4.6.3/x86_64-slc6-gcc46-opt/bin/../lib/gcc -L/afs/cern.ch/sw/lcg/contrib/gcc/4.6.3/x86_64-slc6-gcc46-opt/bin/../lib/gcc/x86_64-unknown-linux-gnu/4.6.3/../../../../lib64 -L/lib/../lib64 -L/usr/lib/../lib64 -L/afs/cern.ch/sw/lcg/contrib/gcc/4.6.3/x86_64-slc6-gcc46-opt/bin/../lib/gcc/x86_64-unknown-linux-gnu/4.6.3/../../.. -lgfortran -lm -lquadmath >&5
configure:5319: $? = 0
configure:5407: result: none
configure:5446: checking for Fortran name-mangling scheme
configure:5465: gfortran -c -g -O2  conftest.f >&5
configure:5472: $? = 0
configure:5527: gcc -o conftest -g -O2   conftest.c cfortran_test.o   -L/afs/cern.ch/sw/lcg/contrib/gcc/4.6.3/x86_64-slc6-gcc46-opt/bin/../lib/gcc/x86_64-unknown-linux-gnu/4.6.3 -L/afs/cern.ch/sw/lcg/contrib/gcc/4.6.3/x86_64-slc6-gcc46-opt/bin/../lib/gcc -L/afs/cern.ch/sw/lcg/contrib/gcc/4.6.3/x86_64-slc6-gcc46-opt/bin/../lib/gcc/x86_64-unknown-linux-gnu/4.6.3/../../../../lib64 -L/lib/../lib64 -L/usr/lib/../lib64 -L/afs/cern.ch/sw/lcg/contrib/gcc/4.6.3/x86_64-slc6-gcc46-opt/bin/../lib/gcc/x86_64-unknown-linux-gnu/4.6.3/../../.. -lgfortran -lm -lquadmath >&5
/tmp/ccHb7SL1.o: In function `main':
/afs/desy.de/user/m/mykytaua/sc_soft/todesy/HERAFitter_NM/conftest.c:29: undefined reference to `foobar'
collect2: ld returned 1 exit status
configure:5534: $? = 1
configure: failed program was:
| /* confdefs.h.  */
| #define PACKAGE_NAME "herafitter"
| #define PACKAGE_TARNAME "herafitter"
| #define PACKAGE_VERSION "trunk"
| #define PACKAGE_STRING "herafitter trunk"
| #define PACKAGE_BUGREPORT "herafitter-help@desy.de"
| #define PACKAGE "herafitter"
| #define VERSION "trunk"
| /* end confdefs.h.  */
| 
| /* Override any GCC internal prototype to avoid an error.
|    Use char because int might match the return type of a GCC
|    builtin and then its argument prototype would still apply.  */
| #ifdef __cplusplus
| extern "C"
| #endif
| char foobar ();
| #ifdef FC_DUMMY_MAIN
| #ifndef FC_DUMMY_MAIN_EQ_F77
| #  ifdef __cplusplus
|      extern "C"
| #  endif
|    int FC_DUMMY_MAIN() { return 1; }
| #endif
| #endif
| int
| main ()
| {
| return foobar ();
|   ;
|   return 0;
| }
configure:5527: gcc -o conftest -g -O2   conftest.c cfortran_test.o   -L/afs/cern.ch/sw/lcg/contrib/gcc/4.6.3/x86_64-slc6-gcc46-opt/bin/../lib/gcc/x86_64-unknown-linux-gnu/4.6.3 -L/afs/cern.ch/sw/lcg/contrib/gcc/4.6.3/x86_64-slc6-gcc46-opt/bin/../lib/gcc -L/afs/cern.ch/sw/lcg/contrib/gcc/4.6.3/x86_64-slc6-gcc46-opt/bin/../lib/gcc/x86_64-unknown-linux-gnu/4.6.3/../../../../lib64 -L/lib/../lib64 -L/usr/lib/../lib64 -L/afs/cern.ch/sw/lcg/contrib/gcc/4.6.3/x86_64-slc6-gcc46-opt/bin/../lib/gcc/x86_64-unknown-linux-gnu/4.6.3/../../.. -lgfortran -lm -lquadmath >&5
configure:5534: $? = 0
configure:5616: gcc -o conftest -g -O2   conftest.c cfortran_test.o   -L/afs/cern.ch/sw/lcg/contrib/gcc/4.6.3/x86_64-slc6-gcc46-opt/bin/../lib/gcc/x86_64-unknown-linux-gnu/4.6.3 -L/afs/cern.ch/sw/lcg/contrib/gcc/4.6.3/x86_64-slc6-gcc46-opt/bin/../lib/gcc -L/afs/cern.ch/sw/lcg/contrib/gcc/4.6.3/x86_64-slc6-gcc46-opt/bin/../lib/gcc/x86_64-unknown-linux-gnu/4.6.3/../../../../lib64 -L/lib/../lib64 -L/usr/lib/../lib64 -L/afs/cern.ch/sw/lcg/contrib/gcc/4.6.3/x86_64-slc6-gcc46-opt/bin/../lib/gcc/x86_64-unknown-linux-gnu/4.6.3/../../.. -lgfortran -lm -lquadmath >&5
configure:5623: $? = 0
configure:5686: result: lower case, underscore, no extra underscore
configure:5791: checking how to get verbose linking output from gfortran
configure:5807: gfortran -c -g -O2 conftest.f >&5
configure:5814: $? = 0
configure:5836: gfortran -o conftest -g -O2 -v conftest.f
Using built-in specs.
Target: x86_64-unknown-linux-gnu
Configured with: /build/vdiez/gcc-4.6.3/configure --prefix=/build/gcc-4.6.3-installation --with-mpfr=/afs/cern.ch/sw/lcg/external/mpfr/2.4.2/x86_64-slc6-gcc46-opt --with-gmp=/afs/cern.ch/sw/lcg/external/gmp/4.3.2/x86_64-slc6-gcc46-opt --with-mpc=/afs/cern.ch/sw/lcg/external/mpc/0.8.1/x86_64-slc6-gcc46-opt --enable-libstdcxx-time --enable-lto --with-libelf=/afs/cern.ch/sw/lcg/external/libelf/0.8.13/x86_64-slc6-gcc46-opt --with-ppl=/afs/cern.ch/sw/lcg/external/ppl/0.11.2/x86_64-slc6-gcc46-opt --with-cloog=/afs/cern.ch/sw/lcg/external/cloog-ppl/0.15.11/x86_64-slc6-gcc46-opt --enable-languages=c,c++,fortran,go
Thread model: posix
gcc version 4.6.3 (GCC) 
 /afs/cern.ch/sw/lcg/contrib/gcc/4.6.3/x86_64-slc6-gcc46-opt/bin/../libexec/gcc/x86_64-unknown-linux-gnu/4.6.3/f951 conftest.f -ffixed-form -quiet -dumpbase conftest.f -mtune=generic -march=x86-64 -auxbase conftest -g -O2 -version -fintrinsic-modules-path /afs/cern.ch/sw/lcg/contrib/gcc/4.6.3/x86_64-slc6-gcc46-opt/bin/../lib/gcc/x86_64-unknown-linux-gnu/4.6.3/finclude -o /tmp/ccA5pr8I.s
GNU Fortran (GCC) version 4.6.3 (x86_64-unknown-linux-gnu)
	compiled by GNU C version 4.6.3, GMP version 4.3.2, MPFR version 2.4.2, MPC version 0.8.1
GGC heuristics: --param ggc-min-expand=100 --param ggc-min-heapsize=131072
GNU Fortran (GCC) version 4.6.3 (x86_64-unknown-linux-gnu)
	compiled by GNU C version 4.6.3, GMP version 4.3.2, MPFR version 2.4.2, MPC version 0.8.1
GGC heuristics: --param ggc-min-expand=100 --param ggc-min-heapsize=131072
 as --64 -o /tmp/ccBjOrKF.o /tmp/ccA5pr8I.s
Reading specs from /afs/cern.ch/sw/lcg/contrib/gcc/4.6.3/x86_64-slc6-gcc46-opt/bin/../lib/gcc/x86_64-unknown-linux-gnu/4.6.3/../../../../lib64/libgfortran.spec
rename spec lib to liborig
 /afs/cern.ch/sw/lcg/contrib/gcc/4.6.3/x86_64-slc6-gcc46-opt/bin/../libexec/gcc/x86_64-unknown-linux-gnu/4.6.3/collect2 --eh-frame-hdr -m elf_x86_64 -dynamic-linker /lib64/ld-linux-x86-64.so.2 -o conftest /usr/lib/../lib64/crt1.o /usr/lib/../lib64/crti.o /afs/cern.ch/sw/lcg/contrib/gcc/4.6.3/x86_64-slc6-gcc46-opt/bin/../lib/gcc/x86_64-unknown-linux-gnu/4.6.3/crtbegin.o -L/afs/cern.ch/sw/lcg/contrib/gcc/4.6.3/x86_64-slc6-gcc46-opt/bin/../lib/gcc/x86_64-unknown-linux-gnu/4.6.3 -L/afs/cern.ch/sw/lcg/contrib/gcc/4.6.3/x86_64-slc6-gcc46-opt/bin/../lib/gcc -L/afs/cern.ch/sw/lcg/contrib/gcc/4.6.3/x86_64-slc6-gcc46-opt/bin/../lib/gcc/x86_64-unknown-linux-gnu/4.6.3/../../../../lib64 -L/lib/../lib64 -L/usr/lib/../lib64 -L/afs/cern.ch/sw/lcg/contrib/gcc/4.6.3/x86_64-slc6-gcc46-opt/bin/../lib/gcc/x86_64-unknown-linux-gnu/4.6.3/../../.. /tmp/ccBjOrKF.o -lgfortran -lm -lgcc_s -lgcc -lquadmath -lm -lgcc_s -lgcc -lc -lgcc_s -lgcc /afs/cern.ch/sw/lcg/contrib/gcc/4.6.3/x86_64-slc6-gcc46-opt/bin/../lib/gcc/x86_64-unknown-linux-gnu/4.6.3/crtend.o /usr/lib/../lib64/crtn.o
configure:5905: result: -v
configure:5907: checking for Fortran 77 libraries of gfortran
configure:5930: gfortran -o conftest -g -O2 -v conftest.f
Using built-in specs.
Target: x86_64-unknown-linux-gnu
Configured with: /build/vdiez/gcc-4.6.3/configure --prefix=/build/gcc-4.6.3-installation --with-mpfr=/afs/cern.ch/sw/lcg/external/mpfr/2.4.2/x86_64-slc6-gcc46-opt --with-gmp=/afs/cern.ch/sw/lcg/external/gmp/4.3.2/x86_64-slc6-gcc46-opt --with-mpc=/afs/cern.ch/sw/lcg/external/mpc/0.8.1/x86_64-slc6-gcc46-opt --enable-libstdcxx-time --enable-lto --with-libelf=/afs/cern.ch/sw/lcg/external/libelf/0.8.13/x86_64-slc6-gcc46-opt --with-ppl=/afs/cern.ch/sw/lcg/external/ppl/0.11.2/x86_64-slc6-gcc46-opt --with-cloog=/afs/cern.ch/sw/lcg/external/cloog-ppl/0.15.11/x86_64-slc6-gcc46-opt --enable-languages=c,c++,fortran,go
Thread model: posix
gcc version 4.6.3 (GCC) 
 /afs/cern.ch/sw/lcg/contrib/gcc/4.6.3/x86_64-slc6-gcc46-opt/bin/../libexec/gcc/x86_64-unknown-linux-gnu/4.6.3/f951 conftest.f -ffixed-form -quiet -dumpbase conftest.f -mtune=generic -march=x86-64 -auxbase conftest -g -O2 -version -fintrinsic-modules-path /afs/cern.ch/sw/lcg/contrib/gcc/4.6.3/x86_64-slc6-gcc46-opt/bin/../lib/gcc/x86_64-unknown-linux-gnu/4.6.3/finclude -o /tmp/ccqPmDsW.s
GNU Fortran (GCC) version 4.6.3 (x86_64-unknown-linux-gnu)
	compiled by GNU C version 4.6.3, GMP version 4.3.2, MPFR version 2.4.2, MPC version 0.8.1
GGC heuristics: --param ggc-min-expand=100 --param ggc-min-heapsize=131072
GNU Fortran (GCC) version 4.6.3 (x86_64-unknown-linux-gnu)
	compiled by GNU C version 4.6.3, GMP version 4.3.2, MPFR version 2.4.2, MPC version 0.8.1
GGC heuristics: --param ggc-min-expand=100 --param ggc-min-heapsize=131072
 as --64 -o /tmp/cc3LoHsT.o /tmp/ccqPmDsW.s
Reading specs from /afs/cern.ch/sw/lcg/contrib/gcc/4.6.3/x86_64-slc6-gcc46-opt/bin/../lib/gcc/x86_64-unknown-linux-gnu/4.6.3/../../../../lib64/libgfortran.spec
rename spec lib to liborig
 /afs/cern.ch/sw/lcg/contrib/gcc/4.6.3/x86_64-slc6-gcc46-opt/bin/../libexec/gcc/x86_64-unknown-linux-gnu/4.6.3/collect2 --eh-frame-hdr -m elf_x86_64 -dynamic-linker /lib64/ld-linux-x86-64.so.2 -o conftest /usr/lib/../lib64/crt1.o /usr/lib/../lib64/crti.o /afs/cern.ch/sw/lcg/contrib/gcc/4.6.3/x86_64-slc6-gcc46-opt/bin/../lib/gcc/x86_64-unknown-linux-gnu/4.6.3/crtbegin.o -L/afs/cern.ch/sw/lcg/contrib/gcc/4.6.3/x86_64-slc6-gcc46-opt/bin/../lib/gcc/x86_64-unknown-linux-gnu/4.6.3 -L/afs/cern.ch/sw/lcg/contrib/gcc/4.6.3/x86_64-slc6-gcc46-opt/bin/../lib/gcc -L/afs/cern.ch/sw/lcg/contrib/gcc/4.6.3/x86_64-slc6-gcc46-opt/bin/../lib/gcc/x86_64-unknown-linux-gnu/4.6.3/../../../../lib64 -L/lib/../lib64 -L/usr/lib/../lib64 -L/afs/cern.ch/sw/lcg/contrib/gcc/4.6.3/x86_64-slc6-gcc46-opt/bin/../lib/gcc/x86_64-unknown-linux-gnu/4.6.3/../../.. /tmp/cc3LoHsT.o -lgfortran -lm -lgcc_s -lgcc -lquadmath -lm -lgcc_s -lgcc -lc -lgcc_s -lgcc /afs/cern.ch/sw/lcg/contrib/gcc/4.6.3/x86_64-slc6-gcc46-opt/bin/../lib/gcc/x86_64-unknown-linux-gnu/4.6.3/crtend.o /usr/lib/../lib64/crtn.o
configure:6107: result:  -L/afs/cern.ch/sw/lcg/contrib/gcc/4.6.3/x86_64-slc6-gcc46-opt/bin/../lib/gcc/x86_64-unknown-linux-gnu/4.6.3 -L/afs/cern.ch/sw/lcg/contrib/gcc/4.6.3/x86_64-slc6-gcc46-opt/bin/../lib/gcc -L/afs/cern.ch/sw/lcg/contrib/gcc/4.6.3/x86_64-slc6-gcc46-opt/bin/../lib/gcc/x86_64-unknown-linux-gnu/4.6.3/../../../../lib64 -L/lib/../lib64 -L/usr/lib/../lib64 -L/afs/cern.ch/sw/lcg/contrib/gcc/4.6.3/x86_64-slc6-gcc46-opt/bin/../lib/gcc/x86_64-unknown-linux-gnu/4.6.3/../../.. -lgfortran -lm -lquadmath
configure:6123: checking for dummy main to link with Fortran 77 libraries
configure:6175: gcc -o conftest -g -O2   conftest.c   -L/afs/cern.ch/sw/lcg/contrib/gcc/4.6.3/x86_64-slc6-gcc46-opt/bin/../lib/gcc/x86_64-unknown-linux-gnu/4.6.3 -L/afs/cern.ch/sw/lcg/contrib/gcc/4.6.3/x86_64-slc6-gcc46-opt/bin/../lib/gcc -L/afs/cern.ch/sw/lcg/contrib/gcc/4.6.3/x86_64-slc6-gcc46-opt/bin/../lib/gcc/x86_64-unknown-linux-gnu/4.6.3/../../../../lib64 -L/lib/../lib64 -L/usr/lib/../lib64 -L/afs/cern.ch/sw/lcg/contrib/gcc/4.6.3/x86_64-slc6-gcc46-opt/bin/../lib/gcc/x86_64-unknown-linux-gnu/4.6.3/../../.. -lgfortran -lm -lquadmath >&5
configure:6182: $? = 0
configure:6278: result: none
configure:6317: checking for Fortran 77 name-mangling scheme
configure:6336: gfortran -c -g -O2 conftest.f >&5
configure:6343: $? = 0
configure:6406: gcc -o conftest -g -O2   conftest.c cfortran_test.o   -L/afs/cern.ch/sw/lcg/contrib/gcc/4.6.3/x86_64-slc6-gcc46-opt/bin/../lib/gcc/x86_64-unknown-linux-gnu/4.6.3 -L/afs/cern.ch/sw/lcg/contrib/gcc/4.6.3/x86_64-slc6-gcc46-opt/bin/../lib/gcc -L/afs/cern.ch/sw/lcg/contrib/gcc/4.6.3/x86_64-slc6-gcc46-opt/bin/../lib/gcc/x86_64-unknown-linux-gnu/4.6.3/../../../../lib64 -L/lib/../lib64 -L/usr/lib/../lib64 -L/afs/cern.ch/sw/lcg/contrib/gcc/4.6.3/x86_64-slc6-gcc46-opt/bin/../lib/gcc/x86_64-unknown-linux-gnu/4.6.3/../../.. -lgfortran -lm -lquadmath >&5
/tmp/ccM4KSyb.o: In function `main':
/afs/desy.de/user/m/mykytaua/sc_soft/todesy/HERAFitter_NM/conftest.c:39: undefined reference to `foobar'
collect2: ld returned 1 exit status
configure:6413: $? = 1
configure: failed program was:
| /* confdefs.h.  */
| #define PACKAGE_NAME "herafitter"
| #define PACKAGE_TARNAME "herafitter"
| #define PACKAGE_VERSION "trunk"
| #define PACKAGE_STRING "herafitter trunk"
| #define PACKAGE_BUGREPORT "herafitter-help@desy.de"
| #define PACKAGE "herafitter"
| #define VERSION "trunk"
| #define FC_FUNC(name,NAME) name ## _
| #define FC_FUNC_(name,NAME) name ## _
| /* end confdefs.h.  */
| 
| /* Override any GCC internal prototype to avoid an error.
|    Use char because int might match the return type of a GCC
|    builtin and then its argument prototype would still apply.  */
| #ifdef __cplusplus
| extern "C"
| #endif
| char foobar ();
| #ifdef F77_DUMMY_MAIN
| 
| #  ifdef __cplusplus
|      extern "C"
| #  endif
|    int F77_DUMMY_MAIN() { return 1; }
| 
| #endif
| #ifdef FC_DUMMY_MAIN
| #ifndef FC_DUMMY_MAIN_EQ_F77
| #  ifdef __cplusplus
|      extern "C"
| #  endif
|    int FC_DUMMY_MAIN() { return 1; }
| #endif
| #endif
| int
| main ()
| {
| return foobar ();
|   ;
|   return 0;
| }
configure:6406: gcc -o conftest -g -O2   conftest.c cfortran_test.o   -L/afs/cern.ch/sw/lcg/contrib/gcc/4.6.3/x86_64-slc6-gcc46-opt/bin/../lib/gcc/x86_64-unknown-linux-gnu/4.6.3 -L/afs/cern.ch/sw/lcg/contrib/gcc/4.6.3/x86_64-slc6-gcc46-opt/bin/../lib/gcc -L/afs/cern.ch/sw/lcg/contrib/gcc/4.6.3/x86_64-slc6-gcc46-opt/bin/../lib/gcc/x86_64-unknown-linux-gnu/4.6.3/../../../../lib64 -L/lib/../lib64 -L/usr/lib/../lib64 -L/afs/cern.ch/sw/lcg/contrib/gcc/4.6.3/x86_64-slc6-gcc46-opt/bin/../lib/gcc/x86_64-unknown-linux-gnu/4.6.3/../../.. -lgfortran -lm -lquadmath >&5
configure:6413: $? = 0
configure:6503: gcc -o conftest -g -O2   conftest.c cfortran_test.o   -L/afs/cern.ch/sw/lcg/contrib/gcc/4.6.3/x86_64-slc6-gcc46-opt/bin/../lib/gcc/x86_64-unknown-linux-gnu/4.6.3 -L/afs/cern.ch/sw/lcg/contrib/gcc/4.6.3/x86_64-slc6-gcc46-opt/bin/../lib/gcc -L/afs/cern.ch/sw/lcg/contrib/gcc/4.6.3/x86_64-slc6-gcc46-opt/bin/../lib/gcc/x86_64-unknown-linux-gnu/4.6.3/../../../../lib64 -L/lib/../lib64 -L/usr/lib/../lib64 -L/afs/cern.ch/sw/lcg/contrib/gcc/4.6.3/x86_64-slc6-gcc46-opt/bin/../lib/gcc/x86_64-unknown-linux-gnu/4.6.3/../../.. -lgfortran -lm -lquadmath >&5
configure:6510: $? = 0
configure:6573: result: lower case, underscore, no extra underscore
configure:6931: checking for CERN libraries
configure:6946: checking for library containing dinv
configure:6970: gfortran -o conftest -g -O2 -ffixed-line-length-132 -L/afs/cern.ch/sw/lcg/external/cernlib/2006a/x86_64-slc6-gcc46-opt/lib  conftest.f  >&5
/tmp/ccJPCjUv.o: In function `MAIN__':
/afs/desy.de/user/m/mykytaua/sc_soft/todesy/HERAFitter_NM/conftest.f:2: undefined reference to `dinv_'
collect2: ld returned 1 exit status
configure:6977: $? = 1
configure: failed program was:
|       program main
|       call dinv
|       end
configure:6970: gfortran -o conftest -g -O2 -ffixed-line-length-132 -L/afs/cern.ch/sw/lcg/external/cernlib/2006a/x86_64-slc6-gcc46-opt/lib  conftest.f -lkernlib   >&5
configure:6977: $? = 0
configure:7008: result: -lkernlib
configure:7013: result: Using -L/afs/cern.ch/sw/lcg/external/cernlib/2006a/x86_64-slc6-gcc46-opt/lib -lkernlib
configure:7021: checking for library containing dgammf
configure:7045: gfortran -o conftest -g -O2 -ffixed-line-length-132 -L/afs/cern.ch/sw/lcg/external/cernlib/2006a/x86_64-slc6-gcc46-opt/lib  conftest.f -lkernlib  >&5
/tmp/ccKUJA58.o: In function `MAIN__':
/afs/desy.de/user/m/mykytaua/sc_soft/todesy/HERAFitter_NM/conftest.f:2: undefined reference to `dgammf_'
collect2: ld returned 1 exit status
configure:7052: $? = 1
configure: failed program was:
|       program main
|       call dgammf
|       end
configure:7045: gfortran -o conftest -g -O2 -ffixed-line-length-132 -L/afs/cern.ch/sw/lcg/external/cernlib/2006a/x86_64-slc6-gcc46-opt/lib  conftest.f -lmathlib  -lkernlib  >&5
configure:7052: $? = 0
configure:7083: result: -lmathlib
configure:7088: result: Using -L/afs/cern.ch/sw/lcg/external/cernlib/2006a/x86_64-slc6-gcc46-opt/lib -lmathlib
configure:7096: checking for library containing dsyevd
configure:7120: gfortran -o conftest -g -O2 -ffixed-line-length-132 -L/afs/cern.ch/sw/lcg/external/cernlib/2006a/x86_64-slc6-gcc46-opt/lib  conftest.f -lmathlib -lkernlib  >&5
/tmp/ccIeFU62.o: In function `MAIN__':
/afs/desy.de/user/m/mykytaua/sc_soft/todesy/HERAFitter_NM/conftest.f:2: undefined reference to `dsyevd_'
collect2: ld returned 1 exit status
configure:7127: $? = 1
configure: failed program was:
|       program main
|       call dsyevd
|       end
configure:7120: gfortran -o conftest -g -O2 -ffixed-line-length-132 -L/afs/cern.ch/sw/lcg/external/cernlib/2006a/x86_64-slc6-gcc46-opt/lib  conftest.f -llapack  -lmathlib -lkernlib  >&5
configure:7127: $? = 0
configure:7158: result: -llapack
configure:7163: result: Using -L/afs/cern.ch/sw/lcg/external/cernlib/2006a/x86_64-slc6-gcc46-opt/lib -llapack
configure:7175: checking for QCDNUM libraries
configure:7184: result: Using -L/afs/desy.de/user/m/mykytaua/sc_soft/todesy/qcdnum-17-00-06/lib -lhqstf -lzmstf -lqcdnum -lmbutil
configure:7537: checking for root installation
configure:7554: result: Using /afs/cern.ch/sw/lcg/app/releases/ROOT/5.34.00/x86_64-slc6-gcc46-opt/root/bin/root-config
configure:7851: checking for doxygen
configure:7869: found /usr/bin/doxygen
configure:7881: result: /usr/bin/doxygen
configure:7957: checking for perl
configure:7975: found /usr/local/bin/perl
configure:7987: result: /usr/local/bin/perl
configure:8134: checking for dot
configure:8152: found /usr/bin/dot
configure:8164: result: /usr/bin/dot
configure:10139: creating ./config.status

## ---------------------- ##
## Running config.status. ##
## ---------------------- ##

This file was extended by herafitter config.status trunk, which was
generated by GNU Autoconf 2.63.  Invocation command line was

  CONFIG_FILES    = 
  CONFIG_HEADERS  = 
  CONFIG_LINKS    = 
  CONFIG_COMMANDS = 
  $ ./config.status 

on nafhh-zeus01.desy.de

config.status:839: creating include/Makefile
config.status:839: creating src/Makefile
config.status:839: creating common/Makefile
config.status:839: creating common/linalg/Makefile
config.status:839: creating interfaces/src/Makefile
config.status:839: creating interfaces/include/Makefile
config.status:839: creating FastNLO/src/Makefile
config.status:839: creating FastNLO/include/Makefile
config.status:839: creating minuit/src/Makefile
config.status:839: creating EW/src/Makefile
config.status:839: creating RT/src/Makefile
config.status:839: creating DiffDIS/src/Makefile
config.status:839: creating DiffDIS/include/Makefile
config.status:839: creating DIPOLE/src/Makefile
config.status:839: creating DY/src/Makefile
config.status:839: creating DY/include/Makefile
config.status:839: creating Hathor/src/Makefile
config.status:839: creating ACOT/src/Makefile
config.status:839: creating ABM/src/Makefile
config.status:839: creating NNPDF/src/Makefile
config.status:839: creating NNPDF/include/Makefile
config.status:839: creating Cascade/src/Makefile
config.status:839: creating genetic/mixmax_r004/Makefile
config.status:839: creating genetic/src/Makefile
config.status:839: creating tools/DrawResultsPackage/Makefile
config.status:839: creating tools/DrawResultsPackage/src/Makefile
config.status:839: creating tools/DrawResultsPackage/include/Makefile
config.status:839: creating tools/DrawPdfs/Makefile
config.status:839: creating tools/DrawPdfs/src/Makefile
config.status:839: creating tools/DrawPdfs/include/Makefile
config.status:839: creating tools/MakeLHAPDF/Makefile
config.status:839: creating input_steering/Makefile
config.status:839: creating datafiles/bcdms/Makefile
config.status:839: creating datafiles/hera/Makefile
config.status:839: creating datafiles/lhc/atlas/Jets2010/Makefile
config.status:839: creating datafiles/lhc/atlas/WZ2010/Makefile
config.status:839: creating datafiles/lhc/cms/Makefile
config.status:839: creating datafiles/tevatron/Makefile
config.status:839: creating Makefile
config.status:1050: executing depfiles commands

## ---------------- ##
## Cache variables. ##
## ---------------- ##

ac_cv_c_compiler_gnu=yes
ac_cv_cxx_compiler_gnu=yes
ac_cv_env_CCC_set=
ac_cv_env_CCC_value=
ac_cv_env_CC_set=
ac_cv_env_CC_value=
ac_cv_env_CFLAGS_set=
ac_cv_env_CFLAGS_value=
ac_cv_env_CPPFLAGS_set=
ac_cv_env_CPPFLAGS_value=
ac_cv_env_CPP_set=
ac_cv_env_CPP_value=
ac_cv_env_CXXFLAGS_set=
ac_cv_env_CXXFLAGS_value=
ac_cv_env_CXX_set=
ac_cv_env_CXX_value=
ac_cv_env_DOXYGEN_PAPER_SIZE_set=
ac_cv_env_DOXYGEN_PAPER_SIZE_value=
ac_cv_env_F77_set=
ac_cv_env_F77_value=
ac_cv_env_FCFLAGS_set=
ac_cv_env_FCFLAGS_value=
ac_cv_env_FC_set=
ac_cv_env_FC_value=
ac_cv_env_FFLAGS_set=
ac_cv_env_FFLAGS_value=
ac_cv_env_LDFLAGS_set=
ac_cv_env_LDFLAGS_value=
ac_cv_env_LIBS_set=
ac_cv_env_LIBS_value=
ac_cv_env_build_alias_set=
ac_cv_env_build_alias_value=
ac_cv_env_host_alias_set=
ac_cv_env_host_alias_value=
ac_cv_env_target_alias_set=
ac_cv_env_target_alias_value=
ac_cv_f77_compiler_gnu=yes
ac_cv_f77_dummy_main=none
ac_cv_f77_libs=' -L/afs/cern.ch/sw/lcg/contrib/gcc/4.6.3/x86_64-slc6-gcc46-opt/bin/../lib/gcc/x86_64-unknown-linux-gnu/4.6.3 -L/afs/cern.ch/sw/lcg/contrib/gcc/4.6.3/x86_64-slc6-gcc46-opt/bin/../lib/gcc -L/afs/cern.ch/sw/lcg/contrib/gcc/4.6.3/x86_64-slc6-gcc46-opt/bin/../lib/gcc/x86_64-unknown-linux-gnu/4.6.3/../../../../lib64 -L/lib/../lib64 -L/usr/lib/../lib64 -L/afs/cern.ch/sw/lcg/contrib/gcc/4.6.3/x86_64-slc6-gcc46-opt/bin/../lib/gcc/x86_64-unknown-linux-gnu/4.6.3/../../.. -lgfortran -lm -lquadmath'
ac_cv_f77_mangling='lower case, underscore, no extra underscore'
ac_cv_fc_compiler_gnu=yes
ac_cv_fc_dummy_main=none
ac_cv_fc_libs=' -L/afs/cern.ch/sw/lcg/contrib/gcc/4.6.3/x86_64-slc6-gcc46-opt/bin/../lib/gcc/x86_64-unknown-linux-gnu/4.6.3 -L/afs/cern.ch/sw/lcg/contrib/gcc/4.6.3/x86_64-slc6-gcc46-opt/bin/../lib/gcc -L/afs/cern.ch/sw/lcg/contrib/gcc/4.6.3/x86_64-slc6-gcc46-opt/bin/../lib/gcc/x86_64-unknown-linux-gnu/4.6.3/../../../../lib64 -L/lib/../lib64 -L/usr/lib/../lib64 -L/afs/cern.ch/sw/lcg/contrib/gcc/4.6.3/x86_64-slc6-gcc46-opt/bin/../lib/gcc/x86_64-unknown-linux-gnu/4.6.3/../../.. -lgfortran -lm -lquadmath'
ac_cv_fc_mangling='lower case, underscore, no extra underscore'
ac_cv_fortran_dummy_main=none
ac_cv_objext=o
ac_cv_path_ac_pt_DX_DOT=/usr/bin/dot
ac_cv_path_ac_pt_DX_DOXYGEN=/usr/bin/doxygen
ac_cv_path_ac_pt_DX_PERL=/usr/local/bin/perl
ac_cv_path_install='/usr/bin/install -c'
ac_cv_path_mkdir=/bin/mkdir
ac_cv_prog_AWK=gawk
ac_cv_prog_CPP='gcc -E'
ac_cv_prog_ac_ct_CC=gcc
ac_cv_prog_ac_ct_CXX=g++
ac_cv_prog_ac_ct_F77=gfortran
ac_cv_prog_ac_ct_FC=gfortran
ac_cv_prog_ac_ct_RANLIB=ranlib
ac_cv_prog_cc_c89=
ac_cv_prog_cc_g=yes
ac_cv_prog_cxx_g=yes
ac_cv_prog_f77_g=yes
ac_cv_prog_f77_v=-v
ac_cv_prog_fc_g=yes
ac_cv_prog_fc_v=-v
ac_cv_prog_make_make_set=yes
ac_cv_search_dgammf=-lmathlib
ac_cv_search_dinv=-lkernlib
ac_cv_search_dsyevd=-llapack
am_cv_CC_dependencies_compiler_type=gcc3
am_cv_CXX_dependencies_compiler_type=gcc3

## ----------------- ##
## Output variables. ##
## ----------------- ##

ACLOCAL='${SHELL} /afs/desy.de/user/m/mykytaua/sc_soft/todesy/HERAFitter_NM/missing --run aclocal-1.11'
AMDEPBACKSLASH='\'
AMDEP_FALSE='#'
AMDEP_TRUE=''
AMTAR='${SHELL} /afs/desy.de/user/m/mykytaua/sc_soft/todesy/HERAFitter_NM/missing --run tar'
APPLGRID_CKM_FALSE=''
APPLGRID_CKM_TRUE='#'
APPLGRID_CPPFLAGS=''
APPLGRID_DYNSCALE_FALSE=''
APPLGRID_DYNSCALE_TRUE='#'
APPLGRID_LDFLAGS=''
AUTOCONF='${SHELL} /afs/desy.de/user/m/mykytaua/sc_soft/todesy/HERAFitter_NM/missing --run autoconf'
AUTOHEADER='${SHELL} /afs/desy.de/user/m/mykytaua/sc_soft/todesy/HERAFitter_NM/missing --run autoheader'
AUTOMAKE='${SHELL} /afs/desy.de/user/m/mykytaua/sc_soft/todesy/HERAFitter_NM/missing --run automake-1.11'
AWK='gawk'
BIBTEX=''
BUILD_DOCS_FALSE=''
BUILD_DOCS_TRUE='#'
CASCADELIBS=''
CASCADE_SOURCE=''
CC='gcc'
CCDEPMODE='depmode=gcc3'
CFLAGS='-g -O2'
CPP='gcc -E'
CPPFLAGS=''
CXX='g++'
CXXDEPMODE='depmode=gcc3'
CXXFLAGS='-g -O2'
CYGPATH_W='echo'
DEFS='-DPACKAGE_NAME=\"herafitter\" -DPACKAGE_TARNAME=\"herafitter\" -DPACKAGE_VERSION=\"trunk\" -DPACKAGE_STRING=\"herafitter\ trunk\" -DPACKAGE_BUGREPORT=\"herafitter-help@desy.de\" -DPACKAGE=\"herafitter\" -DVERSION=\"trunk\" -DFC_FUNC\(name,NAME\)=name\ \#\#\ _ -DFC_FUNC_\(name,NAME\)=name\ \#\#\ _ -DF77_FUNC\(name,NAME\)=name\ \#\#\ _ -DF77_FUNC_\(name,NAME\)=name\ \#\#\ _'
DEPDIR='.deps'
DOXYGEN_PAPER_SIZE=''
DX_COND_chi_FALSE=''
DX_COND_chi_TRUE='#'
DX_COND_chm_FALSE=''
DX_COND_chm_TRUE='#'
DX_COND_doc_FALSE='#'
DX_COND_doc_TRUE=''
DX_COND_dot_FALSE='#'
DX_COND_dot_TRUE=''
DX_COND_html_FALSE='#'
DX_COND_html_TRUE=''
DX_COND_latex_FALSE=''
DX_COND_latex_TRUE='#'
DX_COND_man_FALSE=''
DX_COND_man_TRUE='#'
DX_COND_pdf_FALSE=''
DX_COND_pdf_TRUE='#'
DX_COND_ps_FALSE=''
DX_COND_ps_TRUE='#'
DX_COND_rtf_FALSE=''
DX_COND_rtf_TRUE='#'
DX_COND_xml_FALSE=''
DX_COND_xml_TRUE='#'
DX_CONFIG='doxygen.cfg'
DX_DOCDIR='doxygen-doc'
DX_DOT='/usr/bin/dot'
DX_DOXYGEN='/usr/bin/doxygen'
DX_DVIPS=''
DX_EGREP=''
DX_ENV=' SRCDIR='\''.'\'' PROJECT='\''herafitter'\'' DOCDIR='\''doxygen-doc'\'' VERSION='\''trunk'\'' PERL_PATH='\''/usr/local/bin/perl'\'' HAVE_DOT='\''YES'\'' DOT_PATH='\''/usr/bin'\'' GENERATE_MAN='\''NO'\'' GENERATE_RTF='\''NO'\'' GENERATE_XML='\''NO'\'' GENERATE_HTMLHELP='\''NO'\'' GENERATE_CHI='\''NO'\'' GENERATE_HTML='\''YES'\'' GENERATE_LATEX='\''NO'\'''
DX_FLAG_DX_CURRENT_FEATURE=''
DX_FLAG_chi='0'
DX_FLAG_chm='0'
DX_FLAG_doc='1'
DX_FLAG_dot='1'
DX_FLAG_html='1'
DX_FLAG_man='0'
DX_FLAG_pdf='0'
DX_FLAG_ps='0'
DX_FLAG_rtf='0'
DX_FLAG_xml='0'
DX_HHC=''
DX_LATEX=''
DX_MAKEINDEX=''
DX_PDFLATEX=''
DX_PERL='/usr/local/bin/perl'
DX_PROJECT='herafitter'
ECHO_C=''
ECHO_N='-n'
ECHO_T=''
ENABLE_APPLGRID_FALSE=''
ENABLE_APPLGRID_TRUE='#'
ENABLE_GENETIC_FALSE=''
ENABLE_GENETIC_TRUE='#'
ENABLE_HATHOR_FALSE=''
ENABLE_HATHOR_TRUE='#'
ENABLE_LHAPDF_FALSE=''
ENABLE_LHAPDF_TRUE='#'
ENABLE_NNPDFWEIGHT_FALSE=''
ENABLE_NNPDFWEIGHT_TRUE='#'
ENABLE_OPENMP_FALSE=''
ENABLE_OPENMP_TRUE='#'
ENABLE_UPDF_FALSE=''
ENABLE_UPDF_TRUE='#'
EXEEXT=''
F77='gfortran'
FC='gfortran'
FCFLAGS='-g -O2 -ffixed-line-length-132'
FCLIBS=' -L/afs/cern.ch/sw/lcg/contrib/gcc/4.6.3/x86_64-slc6-gcc46-opt/bin/../lib/gcc/x86_64-unknown-linux-gnu/4.6.3 -L/afs/cern.ch/sw/lcg/contrib/gcc/4.6.3/x86_64-slc6-gcc46-opt/bin/../lib/gcc -L/afs/cern.ch/sw/lcg/contrib/gcc/4.6.3/x86_64-slc6-gcc46-opt/bin/../lib/gcc/x86_64-unknown-linux-gnu/4.6.3/../../../../lib64 -L/lib/../lib64 -L/usr/lib/../lib64 -L/afs/cern.ch/sw/lcg/contrib/gcc/4.6.3/x86_64-slc6-gcc46-opt/bin/../lib/gcc/x86_64-unknown-linux-gnu/4.6.3/../../.. -lgfortran -lm -lquadmath'
FFLAGS='-g -O2 -ffixed-line-length-132'
FLIBS=' -L/afs/cern.ch/sw/lcg/contrib/gcc/4.6.3/x86_64-slc6-gcc46-opt/bin/../lib/gcc/x86_64-unknown-linux-gnu/4.6.3 -L/afs/cern.ch/sw/lcg/contrib/gcc/4.6.3/x86_64-slc6-gcc46-opt/bin/../lib/gcc -L/afs/cern.ch/sw/lcg/contrib/gcc/4.6.3/x86_64-slc6-gcc46-opt/bin/../lib/gcc/x86_64-unknown-linux-gnu/4.6.3/../../../../lib64 -L/lib/../lib64 -L/usr/lib/../lib64 -L/afs/cern.ch/sw/lcg/contrib/gcc/4.6.3/x86_64-slc6-gcc46-opt/bin/../lib/gcc/x86_64-unknown-linux-gnu/4.6.3/../../.. -lgfortran -lm -lquadmath'
HAVE_ROOT_FALSE='#'
HAVE_ROOT_TRUE=''
INSTALL_DATA='${INSTALL} -m 644'
INSTALL_PROGRAM='${INSTALL}'
INSTALL_SCRIPT='${INSTALL}'
INSTALL_STRIP_PROGRAM='$(install_sh) -c -s'
LDFLAGS='-L/afs/cern.ch/sw/lcg/external/cernlib/2006a/x86_64-slc6-gcc46-opt/lib'
LHAPDF_CPPFLAGS=''
LHAPDF_LDFLAGS=''
LIBOBJS=''
LIBS='-llapack -lmathlib -lkernlib '
LTLIBOBJS=''
MAKEINFO='${SHELL} /afs/desy.de/user/m/mykytaua/sc_soft/todesy/HERAFitter_NM/missing --run makeinfo'
MKDIR_P='/bin/mkdir -p'
OBJEXT='o'
OPENMP_CFLAGS=''
OPENMP_CXXFLAGS=''
PACKAGE='herafitter'
PACKAGE_BUGREPORT='herafitter-help@desy.de'
PACKAGE_NAME='herafitter'
PACKAGE_STRING='herafitter trunk'
PACKAGE_TARNAME='herafitter'
PACKAGE_VERSION='trunk'
PATH_SEPARATOR=':'
PDFLATEX=''
PYTHIALIBS=''
PYTHIA_SOURCE=''
QCDNUMLIBS='-L/afs/desy.de/user/m/mykytaua/sc_soft/todesy/qcdnum-17-00-06/lib -lhqstf -lzmstf -lqcdnum -lmbutil'
RANLIB='ranlib'
ROOT_CFLAGS='-pthread -m64 -I/afs/cern.ch/sw/lcg/app/releases/ROOT/5.34.00/x86_64-slc6-gcc46-opt/root/include'
ROOT_LDFLAGS='-m64'
ROOT_LIBS='-L/afs/cern.ch/sw/lcg/app/releases/ROOT/5.34.00/x86_64-slc6-gcc46-opt/root/lib -lCore -lCint -lRIO -lNet -lHist -lGraf -lGraf3d -lGpad -lTree -lRint -lPostscript -lMatrix -lPhysics -lMathCore -lThread -pthread -lm -ldl -rdynamic'
SET_MAKE=''
SHELL='/bin/sh'
STRIP=''
VERSION='trunk'
ac_ct_CC='gcc'
ac_ct_CXX='g++'
ac_ct_F77='gfortran'
ac_ct_FC='gfortran'
am__EXEEXT_FALSE=''
am__EXEEXT_TRUE='#'
am__fastdepCC_FALSE='#'
am__fastdepCC_TRUE=''
am__fastdepCXX_FALSE='#'
am__fastdepCXX_TRUE=''
am__include='include'
am__isrc=''
am__leading_dot='.'
am__quote=''
am__tar='${AMTAR} chof - "$$tardir"'
am__untar='${AMTAR} xf -'
bindir='${exec_prefix}/bin'
build_alias=''
datadir='${datarootdir}'
datarootdir='${prefix}/share'
docdir='${datarootdir}/doc/${PACKAGE_TARNAME}'
dvidir='${docdir}'
exec_prefix='${prefix}'
host_alias=''
htmldir='${docdir}'
includedir='${prefix}/include'
infodir='${datarootdir}/info'
install_sh='${SHELL} /afs/desy.de/user/m/mykytaua/sc_soft/todesy/HERAFitter_NM/install-sh'
libdir='${exec_prefix}/lib'
libexecdir='${exec_prefix}/libexec'
localedir='${datarootdir}/locale'
localstatedir='${prefix}/var'
mandir='${datarootdir}/man'
mkdir_p='/bin/mkdir -p'
oldincludedir='/usr/include'
pdfdir='${docdir}'
prefix='/afs/desy.de/user/m/mykytaua/sc_soft/todesy/HERAFitter_NM_build'
program_transform_name='s,x,x,'
psdir='${docdir}'
sbindir='${exec_prefix}/sbin'
sharedstatedir='${prefix}/com'
sysconfdir='${prefix}/etc'
target_alias=''

## ----------- ##
## confdefs.h. ##
## ----------- ##

#define PACKAGE_NAME "herafitter"
#define PACKAGE_TARNAME "herafitter"
#define PACKAGE_VERSION "trunk"
#define PACKAGE_STRING "herafitter trunk"
#define PACKAGE_BUGREPORT "herafitter-help@desy.de"
#define PACKAGE "herafitter"
#define VERSION "trunk"
#define FC_FUNC(name,NAME) name ## _
#define FC_FUNC_(name,NAME) name ## _
#define F77_FUNC(name,NAME) name ## _
#define F77_FUNC_(name,NAME) name ## _

configure: exit 0
